{
  "0 debug pnpm:scope": {
    "selected": 1,
    "workspacePrefix": "E:\\node\\external-import"
  },
  "1 error pnpm": {
    "message": {
      "errno": 1,
      "code": "ELIFECYCLE",
      "pkgid": "container@1.0.0",
      "stage": "start",
      "script": "webpack-dev-server --mode development",
      "pkgname": "container"
    },
    "err": {
      "name": "Error",
      "message": "container@1.0.0 start: `webpack-dev-server --mode development`\nExit status 1",
      "code": "ELIFECYCLE",
      "stack": "Error: container@1.0.0 start: `webpack-dev-server --mode development`\nExit status 1\n    at EventEmitter.<anonymous> (C:\\Users\\Piyush Kumr Lodaya\\AppData\\Roaming\\npm\\pnpm-global\\3\\node_modules\\.pnpm\\registry.npmjs.org\\pnpm\\4.6.0\\node_modules\\pnpm\\lib\\node_modules\\@zkochan\\npm-lifecycle\\index.js:302:16)\n    at EventEmitter.emit (events.js:210:5)\n    at ChildProcess.<anonymous> (C:\\Users\\Piyush Kumr Lodaya\\AppData\\Roaming\\npm\\pnpm-global\\3\\node_modules\\.pnpm\\registry.npmjs.org\\pnpm\\4.6.0\\node_modules\\pnpm\\lib\\node_modules\\@zkochan\\npm-lifecycle\\lib\\spawn.js:55:14)\n    at ChildProcess.emit (events.js:210:5)\n    at maybeClose (internal/child_process.js:1028:16)\n    at Process.ChildProcess._handle.onexit (internal/child_process.js:283:5)"
    }
  }
}